[0m20:32:51.784081 [debug] [MainThread]: Sending event: {'category': 'dbt', 'action': 'invocation', 'label': 'start', 'context': [<snowplow_tracker.self_describing_json.SelfDescribingJson object at 0x00000214E84E99C0>, <snowplow_tracker.self_describing_json.SelfDescribingJson object at 0x00000214EA547520>, <snowplow_tracker.self_describing_json.SelfDescribingJson object at 0x00000214EA544D00>]}


============================== 20:32:51.800440 | ef442dc0-cea0-43c3-b792-18171511f9f7 ==============================
[0m20:32:51.800440 [info ] [MainThread]: Running with dbt=1.11.9
[0m20:32:51.800440 [debug] [MainThread]: running dbt with arguments {'version_check': 'True', 'no_print': 'None', 'static_parser': 'True', 'target_path': 'None', 'warn_error_options': 'WarnErrorOptionsV2(error=[], warn=[], silence=[])', 'printer_width': '80', 'write_json': 'True', 'empty': 'None', 'log_cache_events': 'False', 'introspect': 'True', 'cache_selected_only': 'False', 'log_format': 'default', 'debug': 'False', 'fail_fast': 'False', 'partial_parse': 'True', 'send_anonymous_usage_stats': 'True', 'quiet': 'False', 'warn_error': 'None', 'profiles_dir': 'C:\\Users\\elpap\\.dbt', 'indirect_selection': 'eager', 'invocation_command': 'dbt init shop_dbt', 'use_colors': 'True', 'use_experimental_parser': 'False', 'log_path': 'logs'}
[0m20:32:51.850649 [debug] [MainThread]: Starter project path: C:\Users\elpap\AppData\Local\Programs\Python\Python310\lib\site-packages\dbt\include\starter_project
[0m20:32:51.952302 [info ] [MainThread]: 
Your new dbt project "shop_dbt" was created!

For more information on how to configure the profiles.yml file,
please consult the dbt documentation here:

  https://docs.getdbt.com/docs/configure-your-profile

One more thing:

Need help? Don't hesitate to reach out to us via GitHub issues or on Slack:

  https://community.getdbt.com/

Happy modeling!

[0m20:32:51.960230 [info ] [MainThread]: Setting up your profile.
[0m20:34:16.470254 [info ] [MainThread]: Profile shop_dbt written to C:\Users\elpap\.dbt\profiles.yml using target's profile_template.yml and your supplied values. Run 'dbt debug' to validate the connection.
[0m20:34:16.482947 [debug] [MainThread]: Command `dbt init` succeeded at 20:34:16.470254 after 84.90 seconds
[0m20:34:16.482947 [debug] [MainThread]: Sending event: {'category': 'dbt', 'action': 'invocation', 'label': 'end', 'context': [<snowplow_tracker.self_describing_json.SelfDescribingJson object at 0x00000214E84E99C0>, <snowplow_tracker.self_describing_json.SelfDescribingJson object at 0x00000214EA5C7D00>, <snowplow_tracker.self_describing_json.SelfDescribingJson object at 0x00000214EA5B8250>]}
[0m20:34:16.484486 [debug] [MainThread]: Flushing usage events
[0m20:34:17.820083 [debug] [MainThread]: An error was encountered while trying to flush usage events
